Using pre-set license
Built from '2020.3/staging' branch; Version is '2020.3.41f1 (7c19dc9acfda) revision 8133084'; Using compiler version '192528614'; Build Type 'Release'
OS: 'Windows 11  (10.0.22621) 64bit Professional' Language: 'ja' Physical Memory: 65277 MB
BatchMode: 1, IsHumanControllingUs: 0, StartBugReporterOnCrash: 0, Is64bit: 1, IsPro: 0

COMMAND LINE ARGUMENTS:
C:\Program Files\Unity\Hub\Editor\2020.3.41f1\Editor\Unity.exe
-adb2
-batchMode
-noUpm
-name
AssetImportWorker0
-projectPath
C:/Users/19044/PARKNIFE/PARKNIFE
-logFile
Logs/AssetImportWorker0.log
-srvPort
59798
Successfully changed project path to: C:/Users/19044/PARKNIFE/PARKNIFE
C:/Users/19044/PARKNIFE/PARKNIFE
Using Asset Import Pipeline V2.
Refreshing native plugins compatible for Editor in 31.83 ms, found 5 plugins.
Preloading 0 native plugins for Editor in 0.00 ms.
Initialize engine version: 2020.3.41f1 (7c19dc9acfda)
[Subsystems] Discovering subsystems at path C:/Program Files/Unity/Hub/Editor/2020.3.41f1/Editor/Data/Resources/UnitySubsystems
[Subsystems] Discovering subsystems at path C:/Users/19044/PARKNIFE/PARKNIFE/Assets
GfxDevice: creating device client; threaded=0
Direct3D:
    Version:  Direct3D 11.0 [level 11.1]
    Renderer: NVIDIA GeForce RTX 3080 Ti (ID=0x2208)
    Vendor:   
    VRAM:     12100 MB
    Driver:   31.0.15.3179
Initialize mono
Mono path[0] = 'C:/Program Files/Unity/Hub/Editor/2020.3.41f1/Editor/Data/Managed'
Mono path[1] = 'C:/Program Files/Unity/Hub/Editor/2020.3.41f1/Editor/Data/MonoBleedingEdge/lib/mono/unityjit'
Mono config path = 'C:/Program Files/Unity/Hub/Editor/2020.3.41f1/Editor/Data/MonoBleedingEdge/etc'
Using monoOptions --debugger-agent=transport=dt_socket,embedding=1,server=y,suspend=n,address=127.0.0.1:56560
Begin MonoManager ReloadAssembly
Registering precompiled unity dll's ...
Register platform support module: C:/Program Files/Unity/Hub/Editor/2020.3.41f1/Editor/Data/PlaybackEngines/WindowsStandaloneSupport/UnityEditor.WindowsStandalone.Extensions.dll
Registered in 0.000737 seconds.
Native extension for WindowsStandalone target not found
Refreshing native plugins compatible for Editor in 30.38 ms, found 5 plugins.
Preloading 0 native plugins for Editor in 0.00 ms.
Mono: successfully reloaded assembly
- Completed reload, in  0.347 seconds
Domain Reload Profiling:
	ReloadAssembly (347ms)
		BeginReloadAssembly (35ms)
			ExecutionOrderSort (0ms)
			DisableScriptedObjects (0ms)
			BackupInstance (0ms)
			ReleaseScriptingObjects (0ms)
			CreateAndSetChildDomain (0ms)
		EndReloadAssembly (274ms)
			LoadAssemblies (34ms)
			RebuildTransferFunctionScriptingTraits (0ms)
			SetupTypeCache (81ms)
			ReleaseScriptCaches (0ms)
			RebuildScriptCaches (16ms)
			SetupLoadedEditorAssemblies (109ms)
				LogAssemblyErrors (0ms)
				InitializePlatformSupportModulesInManaged (2ms)
				SetLoadedEditorAssemblies (0ms)
				RefreshPlugins (30ms)
				BeforeProcessingInitializeOnLoad (10ms)
				ProcessInitializeOnLoadAttributes (49ms)
				ProcessInitializeOnLoadMethodAttributes (17ms)
				AfterProcessingInitializeOnLoad (0ms)
				EditorAssembliesLoaded (0ms)
			ExecutionOrderSort2 (0ms)
			AwakeInstancesAfterBackupRestoration (0ms)
Platform modules already initialized, skipping
Registering precompiled user dll's ...
Registered in 0.001612 seconds.
Begin MonoManager ReloadAssembly
Native extension for WindowsStandalone target not found
Refreshing native plugins compatible for Editor in 0.45 ms, found 5 plugins.
Preloading 0 native plugins for Editor in 0.00 ms.
Mono: successfully reloaded assembly
- Completed reload, in  0.628 seconds
Domain Reload Profiling:
	ReloadAssembly (629ms)
		BeginReloadAssembly (86ms)
			ExecutionOrderSort (0ms)
			DisableScriptedObjects (3ms)
			BackupInstance (0ms)
			ReleaseScriptingObjects (0ms)
			CreateAndSetChildDomain (12ms)
		EndReloadAssembly (509ms)
			LoadAssemblies (53ms)
			RebuildTransferFunctionScriptingTraits (0ms)
			SetupTypeCache (184ms)
			ReleaseScriptCaches (0ms)
			RebuildScriptCaches (25ms)
			SetupLoadedEditorAssemblies (197ms)
				LogAssemblyErrors (0ms)
				InitializePlatformSupportModulesInManaged (3ms)
				SetLoadedEditorAssemblies (0ms)
				RefreshPlugins (0ms)
				BeforeProcessingInitializeOnLoad (53ms)
				ProcessInitializeOnLoadAttributes (129ms)
				ProcessInitializeOnLoadMethodAttributes (8ms)
				AfterProcessingInitializeOnLoad (2ms)
				EditorAssembliesLoaded (0ms)
			ExecutionOrderSort2 (0ms)
			AwakeInstancesAfterBackupRestoration (1ms)
Platform modules already initialized, skipping
========================================================================
Worker process is ready to serve import requests
Launched and connected shader compiler UnityShaderCompiler.exe after 0.02 seconds
Refreshing native plugins compatible for Editor in 0.73 ms, found 5 plugins.
Preloading 0 native plugins for Editor in 0.00 ms.
Unloading 1844 Unused Serialized files (Serialized files now loaded: 0)
System memory in use before: 162.7 MB.
System memory in use after: 162.8 MB.

Unloading 24 unused Assets to reduce memory usage. Loaded Objects now: 2286.
Total: 3.124300 ms (FindLiveObjects: 0.145500 ms CreateObjectMapping: 0.057900 ms MarkObjects: 2.808300 ms  DeleteObjects: 0.111400 ms)

AssetImportParameters requested are different than current active one (requested -> active):
  custom:framework-win-MediaFoundation: 216162199b28c13a410421893ffa2e32 -> 
  custom:video-decoder-ogg-theora: a1e56fd34408186e4bbccfd4996cb3dc -> 
  custom:container-muxer-webm: aa71ff27fc2769a1b78a27578f13a17b -> 
  custom:container-demuxer-webm: 4f35f7cbe854078d1ac9338744f61a02 -> 
  custom:container-demuxer-ogg: 62fdf1f143b41e24485cea50d1cbac27 -> 
  custom:video-encoder-webm-vp8: eb34c28f22e8b96e1ab97ce403110664 -> 
  custom:video-decoder-webm-vp8: 9c59270c3fd7afecdb556c50c9e8de78 -> 
  custom:audio-decoder-ogg-vorbis: bf7c407c2cedff20999df2af8eb42d56 -> 
  custom:audio-encoder-webm-vorbis: bf7c407c2cedff20999df2af8eb42d56 -> 
========================================================================
Received Import Request.
  path: Assets/SelecStageScene.unity
  artifactKey: Guid(bb071885cf9fe114d9e79b57d88439c5) Importer(815301076,1909f56bfc062723c751e8b465ee728b)
Start importing Assets/SelecStageScene.unity using Guid(bb071885cf9fe114d9e79b57d88439c5) Importer(815301076,1909f56bfc062723c751e8b465ee728b)  -> (artifact id: '483ccdba1258335d6bb2ea8d0e53a51a') in 0.013387 seconds 
========================================================================
Received Import Request.
  Time since last request: 197.141319 seconds.
  path: Assets/Sci Fi Modular Pack/Scripts/CameraController.cs
  artifactKey: Guid(0eeffebf09e714fcd8d3c21c3395381c) Importer(815301076,1909f56bfc062723c751e8b465ee728b)
Start importing Assets/Sci Fi Modular Pack/Scripts/CameraController.cs using Guid(0eeffebf09e714fcd8d3c21c3395381c) Importer(815301076,1909f56bfc062723c751e8b465ee728b)  -> (artifact id: '4eeba51305b39ae7b1314e2d743bd9c7') in 0.032100 seconds 
========================================================================
Received Prepare
Registering precompiled user dll's ...
Registered in 0.001719 seconds.
Begin MonoManager ReloadAssembly
Native extension for WindowsStandalone target not found
Refreshing native plugins compatible for Editor in 0.46 ms, found 5 plugins.
Preloading 0 native plugins for Editor in 0.00 ms.
Mono: successfully reloaded assembly
- Completed reload, in  0.557 seconds
Domain Reload Profiling:
	ReloadAssembly (557ms)
		BeginReloadAssembly (68ms)
			ExecutionOrderSort (0ms)
			DisableScriptedObjects (2ms)
			BackupInstance (0ms)
			ReleaseScriptingObjects (0ms)
			CreateAndSetChildDomain (20ms)
		EndReloadAssembly (454ms)
			LoadAssemblies (53ms)
			RebuildTransferFunctionScriptingTraits (0ms)
			SetupTypeCache (148ms)
			ReleaseScriptCaches (1ms)
			RebuildScriptCaches (24ms)
			SetupLoadedEditorAssemblies (184ms)
				LogAssemblyErrors (0ms)
				InitializePlatformSupportModulesInManaged (3ms)
				SetLoadedEditorAssemblies (0ms)
				RefreshPlugins (1ms)
				BeforeProcessingInitializeOnLoad (47ms)
				ProcessInitializeOnLoadAttributes (122ms)
				ProcessInitializeOnLoadMethodAttributes (8ms)
				AfterProcessingInitializeOnLoad (2ms)
				EditorAssembliesLoaded (0ms)
			ExecutionOrderSort2 (0ms)
			AwakeInstancesAfterBackupRestoration (1ms)
Platform modules already initialized, skipping
Refreshing native plugins compatible for Editor in 0.42 ms, found 5 plugins.
Preloading 0 native plugins for Editor in 0.00 ms.
Unloading 1795 Unused Serialized files (Serialized files now loaded: 0)
System memory in use before: 158.2 MB.
System memory in use after: 158.3 MB.

Unloading 19 unused Assets to reduce memory usage. Loaded Objects now: 2289.
Total: 1.912000 ms (FindLiveObjects: 0.099200 ms CreateObjectMapping: 0.025600 ms MarkObjects: 1.732700 ms  DeleteObjects: 0.053700 ms)

AssetImportParameters requested are different than current active one (requested -> active):
  custom:framework-win-MediaFoundation: 216162199b28c13a410421893ffa2e32 -> 
  custom:video-decoder-ogg-theora: a1e56fd34408186e4bbccfd4996cb3dc -> 
  custom:container-muxer-webm: aa71ff27fc2769a1b78a27578f13a17b -> 
  custom:container-demuxer-webm: 4f35f7cbe854078d1ac9338744f61a02 -> 
  custom:container-demuxer-ogg: 62fdf1f143b41e24485cea50d1cbac27 -> 
  custom:video-encoder-webm-vp8: eb34c28f22e8b96e1ab97ce403110664 -> 
  custom:video-decoder-webm-vp8: 9c59270c3fd7afecdb556c50c9e8de78 -> 
  custom:audio-decoder-ogg-vorbis: bf7c407c2cedff20999df2af8eb42d56 -> 
  custom:audio-encoder-webm-vorbis: bf7c407c2cedff20999df2af8eb42d56 -> 
========================================================================
Received Import Request.
  Time since last request: 347.400584 seconds.
  path: Assets/Sci Fi Modular Pack/Prefabs/Box3.prefab
  artifactKey: Guid(8bfb4b7ce5f3a4a4d9f81ddf253d08a3) Importer(815301076,1909f56bfc062723c751e8b465ee728b)
Start importing Assets/Sci Fi Modular Pack/Prefabs/Box3.prefab using Guid(8bfb4b7ce5f3a4a4d9f81ddf253d08a3) Importer(815301076,1909f56bfc062723c751e8b465ee728b)  -> (artifact id: 'a8ea09637a9ee4aad647e01a59ae62af') in 0.190939 seconds 
========================================================================
Received Import Request.
  Time since last request: 0.479708 seconds.
  path: Assets/Sci Fi Modular Pack/Prefabs/Box1.prefab
  artifactKey: Guid(2340976c2c4724452a5f8c3cf4d34d6f) Importer(815301076,1909f56bfc062723c751e8b465ee728b)
Start importing Assets/Sci Fi Modular Pack/Prefabs/Box1.prefab using Guid(2340976c2c4724452a5f8c3cf4d34d6f) Importer(815301076,1909f56bfc062723c751e8b465ee728b)  -> (artifact id: '31b98be0adf8fecefd8f7564bd7f36b8') in 0.040470 seconds 
========================================================================
Received Import Request.
  Time since last request: 0.995243 seconds.
  path: Assets/Sci Fi Modular Pack/Prefabs/DoorFrame.prefab
  artifactKey: Guid(ebafa5c675faf4a749589436d53ad351) Importer(815301076,1909f56bfc062723c751e8b465ee728b)
Start importing Assets/Sci Fi Modular Pack/Prefabs/DoorFrame.prefab using Guid(ebafa5c675faf4a749589436d53ad351) Importer(815301076,1909f56bfc062723c751e8b465ee728b)  -> (artifact id: '003dc0d2a21b7e5501a356ff0d089091') in 0.038852 seconds 
========================================================================
Received Import Request.
  Time since last request: 0.535567 seconds.
  path: Assets/Sci Fi Modular Pack/Prefabs/Door.prefab
  artifactKey: Guid(ed1bebb042e3147168587ddcb4481d92) Importer(815301076,1909f56bfc062723c751e8b465ee728b)
Start importing Assets/Sci Fi Modular Pack/Prefabs/Door.prefab using Guid(ed1bebb042e3147168587ddcb4481d92) Importer(815301076,1909f56bfc062723c751e8b465ee728b)  -> (artifact id: '33b3850bc7ab12d0487435a29dc67890') in 0.184201 seconds 
========================================================================
Received Import Request.
  Time since last request: 0.140828 seconds.
  path: Assets/Sci Fi Modular Pack/Prefabs/Floor1.prefab
  artifactKey: Guid(a20c2fef0621247aeaf88bba4b21c8a3) Importer(815301076,1909f56bfc062723c751e8b465ee728b)
Start importing Assets/Sci Fi Modular Pack/Prefabs/Floor1.prefab using Guid(a20c2fef0621247aeaf88bba4b21c8a3) Importer(815301076,1909f56bfc062723c751e8b465ee728b)  -> (artifact id: '878388cb5732aa1adb0d89712342c5a5') in 0.091562 seconds 
========================================================================
Received Import Request.
  Time since last request: 0.563531 seconds.
  path: Assets/Sci Fi Modular Pack/Prefabs/Floor2.prefab
  artifactKey: Guid(2878502761c3c4cd185aa9849b4fdb45) Importer(815301076,1909f56bfc062723c751e8b465ee728b)
Start importing Assets/Sci Fi Modular Pack/Prefabs/Floor2.prefab using Guid(2878502761c3c4cd185aa9849b4fdb45) Importer(815301076,1909f56bfc062723c751e8b465ee728b)  -> (artifact id: 'e26636de4f2c49c13edeb449742d6f74') in 0.029810 seconds 
========================================================================
Received Import Request.
  Time since last request: 0.414866 seconds.
  path: Assets/Sci Fi Modular Pack/Prefabs/Floor4.prefab
  artifactKey: Guid(a8888cfd1c3e64140917af4a570ecd07) Importer(815301076,1909f56bfc062723c751e8b465ee728b)
Start importing Assets/Sci Fi Modular Pack/Prefabs/Floor4.prefab using Guid(a8888cfd1c3e64140917af4a570ecd07) Importer(815301076,1909f56bfc062723c751e8b465ee728b)  -> (artifact id: '28a1deaa83d084f00766255ba98bcf77') in 0.033225 seconds 
========================================================================
Received Import Request.
  Time since last request: 0.451589 seconds.
  path: Assets/Sci Fi Modular Pack/Prefabs/Floor5.prefab
  artifactKey: Guid(f3e95b07df64f475f8d30ef51a45d2aa) Importer(815301076,1909f56bfc062723c751e8b465ee728b)
Start importing Assets/Sci Fi Modular Pack/Prefabs/Floor5.prefab using Guid(f3e95b07df64f475f8d30ef51a45d2aa) Importer(815301076,1909f56bfc062723c751e8b465ee728b)  -> (artifact id: 'eb9a32138cdbd47f7734162ea058e06b') in 0.030223 seconds 
========================================================================
Received Import Request.
  Time since last request: 21.432616 seconds.
  path: Assets/Sci Fi Modular Pack/Prefabs/ProfileEnd.prefab
  artifactKey: Guid(686248f5bda1e458c8fc9316d20b1fe7) Importer(815301076,1909f56bfc062723c751e8b465ee728b)
Start importing Assets/Sci Fi Modular Pack/Prefabs/ProfileEnd.prefab using Guid(686248f5bda1e458c8fc9316d20b1fe7) Importer(815301076,1909f56bfc062723c751e8b465ee728b)  -> (artifact id: '5f67328473b4a8cbf0b15148736122c1') in 0.024443 seconds 
========================================================================
Received Import Request.
  Time since last request: 0.613661 seconds.
  path: Assets/Sci Fi Modular Pack/Prefabs/ProfileWindow.prefab
  artifactKey: Guid(ef7f45de93a47486a8d931a69beea72a) Importer(815301076,1909f56bfc062723c751e8b465ee728b)
Start importing Assets/Sci Fi Modular Pack/Prefabs/ProfileWindow.prefab using Guid(ef7f45de93a47486a8d931a69beea72a) Importer(815301076,1909f56bfc062723c751e8b465ee728b)  -> (artifact id: '02a6bed04de0fc8a1d2664e5ec6f4a8b') in 0.141570 seconds 
========================================================================
Received Import Request.
  Time since last request: 1.256014 seconds.
  path: Assets/Sci Fi Modular Pack/Prefabs/SideFloor1.prefab
  artifactKey: Guid(8c197a09d07be4d2b9d00b023cca14cd) Importer(815301076,1909f56bfc062723c751e8b465ee728b)
Start importing Assets/Sci Fi Modular Pack/Prefabs/SideFloor1.prefab using Guid(8c197a09d07be4d2b9d00b023cca14cd) Importer(815301076,1909f56bfc062723c751e8b465ee728b)  -> (artifact id: 'f56308876edcb91356c8584c018fb434') in 0.035844 seconds 
========================================================================
Received Import Request.
  Time since last request: 0.477986 seconds.
  path: Assets/Sci Fi Modular Pack/Prefabs/SideFloor2.prefab
  artifactKey: Guid(b1464a6ddbe8f4d6fae0a4ec0e58c5ed) Importer(815301076,1909f56bfc062723c751e8b465ee728b)
Start importing Assets/Sci Fi Modular Pack/Prefabs/SideFloor2.prefab using Guid(b1464a6ddbe8f4d6fae0a4ec0e58c5ed) Importer(815301076,1909f56bfc062723c751e8b465ee728b)  -> (artifact id: 'e5cfdd101214eb853f43b0aad6e20f4a') in 0.044160 seconds 
========================================================================
Received Import Request.
  Time since last request: 0.414111 seconds.
  path: Assets/Sci Fi Modular Pack/Prefabs/SideWall1.1.prefab
  artifactKey: Guid(6b73bd9b0c9a248c89e59f013f13eb6e) Importer(815301076,1909f56bfc062723c751e8b465ee728b)
Start importing Assets/Sci Fi Modular Pack/Prefabs/SideWall1.1.prefab using Guid(6b73bd9b0c9a248c89e59f013f13eb6e) Importer(815301076,1909f56bfc062723c751e8b465ee728b)  -> (artifact id: '73e519ec9960382036e0e8df3cb4568b') in 0.024206 seconds 
========================================================================
Received Import Request.
  Time since last request: 0.416877 seconds.
  path: Assets/Sci Fi Modular Pack/Prefabs/Wall12.prefab
  artifactKey: Guid(cc55393986bef4d3a8307ae8b90d9e96) Importer(815301076,1909f56bfc062723c751e8b465ee728b)
Start importing Assets/Sci Fi Modular Pack/Prefabs/Wall12.prefab using Guid(cc55393986bef4d3a8307ae8b90d9e96) Importer(815301076,1909f56bfc062723c751e8b465ee728b)  -> (artifact id: 'b252512c74bf77eb0e393e78a77da1c9') in 0.029012 seconds 
========================================================================
Received Import Request.
  Time since last request: 0.520335 seconds.
  path: Assets/Sci Fi Modular Pack/Prefabs/TopWall4.prefab
  artifactKey: Guid(397e71ac2fe4f4d959524578cfabd45b) Importer(815301076,1909f56bfc062723c751e8b465ee728b)
Start importing Assets/Sci Fi Modular Pack/Prefabs/TopWall4.prefab using Guid(397e71ac2fe4f4d959524578cfabd45b) Importer(815301076,1909f56bfc062723c751e8b465ee728b)  -> (artifact id: '2e7cac9ab69827f5590df2e49683b51f') in 0.050875 seconds 
========================================================================
Received Import Request.
  Time since last request: 0.221634 seconds.
  path: Assets/Sci Fi Modular Pack/Prefabs/WallDoor.prefab
  artifactKey: Guid(b52c268893c724eabb2b2d9d5456b18c) Importer(815301076,1909f56bfc062723c751e8b465ee728b)
Start importing Assets/Sci Fi Modular Pack/Prefabs/WallDoor.prefab using Guid(b52c268893c724eabb2b2d9d5456b18c) Importer(815301076,1909f56bfc062723c751e8b465ee728b)  -> (artifact id: '61a7377b769acb13dc1e9921511c0470') in 0.025347 seconds 
========================================================================
Received Import Request.
  Time since last request: 3.006195 seconds.
  path: Assets/Sci Fi Modular Pack/Prefabs/WallIntersection.prefab
  artifactKey: Guid(51561c5ac6ad94dc2bc464238ad02aa4) Importer(815301076,1909f56bfc062723c751e8b465ee728b)
Start importing Assets/Sci Fi Modular Pack/Prefabs/WallIntersection.prefab using Guid(51561c5ac6ad94dc2bc464238ad02aa4) Importer(815301076,1909f56bfc062723c751e8b465ee728b)  -> (artifact id: '1a30f6a3592c6c03b5717365706ebd77') in 0.030350 seconds 
========================================================================
Received Import Request.
  Time since last request: 0.754952 seconds.
  path: Assets/Sci Fi Modular Pack/Prefabs/WallIntersection1.prefab
  artifactKey: Guid(819c758ec1d154be9ac76b7394611c48) Importer(815301076,1909f56bfc062723c751e8b465ee728b)
Start importing Assets/Sci Fi Modular Pack/Prefabs/WallIntersection1.prefab using Guid(819c758ec1d154be9ac76b7394611c48) Importer(815301076,1909f56bfc062723c751e8b465ee728b)  -> (artifact id: '6802081869982d44f84814770324c2ce') in 0.026832 seconds 
========================================================================
Received Import Request.
  Time since last request: 18.393548 seconds.
  path: Assets/SapphiArt/SapphiArtchan/OBJ/SapphiArtchan.fbx
  artifactKey: Guid(c17302b294b179d45afeabff23af8b13) Importer(815301076,1909f56bfc062723c751e8b465ee728b)
Start importing Assets/SapphiArt/SapphiArtchan/OBJ/SapphiArtchan.fbx using Guid(c17302b294b179d45afeabff23af8b13) Importer(815301076,1909f56bfc062723c751e8b465ee728b)  -> (artifact id: 'fb3f827ef96a670a02c4a1f0eddafcd6') in 0.154368 seconds 
========================================================================
Received Import Request.
  Time since last request: 0.377812 seconds.
  path: Assets/SapphiArt/SapphiArtchan/OBJ/SapphiArtchan.prefab
  artifactKey: Guid(7dc923b4c4812f147ba42a507e5507bd) Importer(815301076,1909f56bfc062723c751e8b465ee728b)
Start importing Assets/SapphiArt/SapphiArtchan/OBJ/SapphiArtchan.prefab using Guid(7dc923b4c4812f147ba42a507e5507bd) Importer(815301076,1909f56bfc062723c751e8b465ee728b)  -> (artifact id: 'd160b77f1dd436664e537ce8559ff8c9') in 0.763216 seconds 
========================================================================
Received Import Request.
  Time since last request: 30.248073 seconds.
  path: Assets/Sci Fi Modular Pack/Scenes/Demo 1.0 Free.unity
  artifactKey: Guid(61c3fc2c1be344690b19efb0147d93ee) Importer(815301076,1909f56bfc062723c751e8b465ee728b)
Start importing Assets/Sci Fi Modular Pack/Scenes/Demo 1.0 Free.unity using Guid(61c3fc2c1be344690b19efb0147d93ee) Importer(815301076,1909f56bfc062723c751e8b465ee728b)  -> (artifact id: '98c010eae747eb750c2d649032679537') in 0.010300 seconds 
========================================================================
Received Import Request.
  Time since last request: 32.296721 seconds.
  path: Assets/Sci Fi Modular Pack/Scenes/Demo 1.0 Free
  artifactKey: Guid(ae6a102f50e184238a0496ea9b356a0b) Importer(815301076,1909f56bfc062723c751e8b465ee728b)
Start importing Assets/Sci Fi Modular Pack/Scenes/Demo 1.0 Free using Guid(ae6a102f50e184238a0496ea9b356a0b) Importer(815301076,1909f56bfc062723c751e8b465ee728b)  -> (artifact id: '19957dfb853a75e186ea1bc9613f0482') in 0.011629 seconds 
========================================================================
Received Import Request.
  Time since last request: 5.722795 seconds.
  path: Assets/01_Scenes/SampleScene.unity
  artifactKey: Guid(9fc0d4010bbf28b4594072e72b8655ab) Importer(815301076,1909f56bfc062723c751e8b465ee728b)
Start importing Assets/01_Scenes/SampleScene.unity using Guid(9fc0d4010bbf28b4594072e72b8655ab) Importer(815301076,1909f56bfc062723c751e8b465ee728b)  -> (artifact id: 'a1154498244e0ac29d78b0a699aea1a2') in 0.010576 seconds 
========================================================================
Received Import Request.
  Time since last request: 0.512203 seconds.
  path: Assets/01_Scenes/SelecStageScene.unity
  artifactKey: Guid(bb071885cf9fe114d9e79b57d88439c5) Importer(815301076,1909f56bfc062723c751e8b465ee728b)
Start importing Assets/01_Scenes/SelecStageScene.unity using Guid(bb071885cf9fe114d9e79b57d88439c5) Importer(815301076,1909f56bfc062723c751e8b465ee728b)  -> (artifact id: '9f7a17723797945e162da40f69265714') in 0.001596 seconds 
========================================================================
Received Import Request.
  Time since last request: 30.473243 seconds.
  path: Assets/Sci Fi Modular Pack/Models/Box1.fbx
  artifactKey: Guid(932e77158e189488f912b670519ae527) Importer(815301076,1909f56bfc062723c751e8b465ee728b)
Start importing Assets/Sci Fi Modular Pack/Models/Box1.fbx using Guid(932e77158e189488f912b670519ae527) Importer(815301076,1909f56bfc062723c751e8b465ee728b)  -> (artifact id: '460f56fc55c93f3808395fd637f8c8dc') in 0.047167 seconds 
AssetImportWorkerClient::OnTransportError - code=2 error=End of file
